<?xml version="1.0" encoding="UTF-8"?>
<!-- Generated by org.testng.reporters.JUnitXMLReporter -->
<testsuite ignored="0" hostname="DESKTOP-QPLUSL4" failures="0" tests="3" name="chromeTest" time="17.341" errors="0" timestamp="2022-03-20T18:40:43 IST">
  <testcase classname="testPack.VerifyUserCreated" name="custemerName" time="0.284"/>
  <testcase classname="testPack.VerifyHeaderTabs" name="verifyTaskTab" time="4.103"/>
  <testcase classname="testPack.VerifyHeaderTabs" name="verifyTimeTrackTab" time="0.741"/>
</testsuite> <!-- chromeTest -->
