<?xml version="1.0" encoding="UTF-8"?>
<!-- Generated by org.testng.reporters.JUnitXMLReporter -->
<testsuite ignored="0" hostname="DESKTOP-QPLUSL4" failures="0" tests="3" name="FirefoxTest" time="27.607" errors="0" timestamp="2022-03-20T18:41:11 IST">
  <testcase classname="testPack.VerifyUserCreated" name="custemerName" time="0.445"/>
  <testcase classname="testPack.VerifyHeaderTabs" name="verifyTaskTab" time="4.217"/>
  <testcase classname="testPack.VerifyHeaderTabs" name="verifyTimeTrackTab" time="2.621"/>
</testsuite> <!-- FirefoxTest -->
