<?xml version="1.0" encoding="UTF-8"?>
<!-- Generated by org.testng.reporters.JUnitXMLReporter -->
<testsuite ignored="0" hostname="DESKTOP-QPLUSL4" failures="0" tests="4" name="Test" time="0.157" errors="0" timestamp="2022-03-12T22:45:35 IST">
  <testcase classname="testPack.General123" name="test" time="0.011"/>
  <testcase classname="testPack.General123" name="test1" time="0.009"/>
  <testcase classname="testPack.General" name="test" time="0.003"/>
  <testcase classname="testPack.General" name="test1" time="0.004"/>
</testsuite> <!-- Test -->
