<?xml version="1.0" encoding="UTF-8"?>
<!-- Generated by org.testng.reporters.JUnitXMLReporter -->
<testsuite ignored="1" hostname="DESKTOP-QPLUSL4" failures="0" tests="1" name="FirefoxTest(failed)(failed)" time="13.53" errors="0" timestamp="2022-03-27T20:55:06 IST">
  <testcase classname="testPack.VerifyHeaderTabs" name="verifyTaskTab" time="0.936"/>
  <testcase classname="testPack.VerifyHeaderTabs" name="verifyTimeTrackTab" time="0.0">
    <ignored/>
  </testcase> <!-- verifyTimeTrackTab -->
</testsuite> <!-- FirefoxTest(failed)(failed) -->
