<?xml version="1.0" encoding="UTF-8"?>
<testng-results ignored="0" total="6" passed="6" failed="0" skipped="0">
  <reporter-output>
  </reporter-output>
  <suite started-at="2022-03-20T18:40:26 IST" name="Suite" finished-at="2022-03-20T18:41:11 IST" duration-ms="44991">
    <groups>
    </groups>
    <test started-at="2022-03-20T18:40:26 IST" name="chromeTest" finished-at="2022-03-20T18:40:43 IST" duration-ms="17341">
      <class name="testPack.VerifyHeaderTabs">
        <test-method is-config="true" signature="launchBrowser(java.lang.String)[pri:0, instance:testPack.VerifyHeaderTabs@6da21078]" started-at="2022-03-20T18:40:26 IST" name="launchBrowser" finished-at="2022-03-20T18:40:28 IST" duration-ms="2717" status="PASS">
          <params>
            <param index="0">
              <value>
                <![CDATA[chrome]]>
              </value>
            </param>
          </params>
          <reporter-output>
          </reporter-output>
        </test-method> <!-- launchBrowser -->
        <test-method is-config="true" signature="createObjectOfPOM()[pri:0, instance:testPack.VerifyHeaderTabs@6da21078]" started-at="2022-03-20T18:40:30 IST" name="createObjectOfPOM" finished-at="2022-03-20T18:40:30 IST" duration-ms="85" status="PASS">
          <reporter-output>
          </reporter-output>
        </test-method> <!-- createObjectOfPOM -->
        <test-method is-config="true" signature="logInToApplication()[pri:0, instance:testPack.VerifyHeaderTabs@6da21078]" started-at="2022-03-20T18:40:30 IST" name="logInToApplication" finished-at="2022-03-20T18:40:34 IST" duration-ms="3898" status="PASS">
          <reporter-output>
          </reporter-output>
        </test-method> <!-- logInToApplication -->
        <test-method signature="verifyTaskTab()[pri:0, instance:testPack.VerifyHeaderTabs@6da21078]" started-at="2022-03-20T18:40:34 IST" name="verifyTaskTab" finished-at="2022-03-20T18:40:38 IST" duration-ms="4103" status="PASS">
          <reporter-output>
          </reporter-output>
        </test-method> <!-- verifyTaskTab -->
        <test-method is-config="true" signature="logout()[pri:0, instance:testPack.VerifyHeaderTabs@6da21078]" started-at="2022-03-20T18:40:38 IST" name="logout" finished-at="2022-03-20T18:40:39 IST" duration-ms="1449" status="PASS">
          <reporter-output>
          </reporter-output>
        </test-method> <!-- logout -->
        <test-method is-config="true" signature="logInToApplication()[pri:0, instance:testPack.VerifyHeaderTabs@6da21078]" started-at="2022-03-20T18:40:39 IST" name="logInToApplication" finished-at="2022-03-20T18:40:40 IST" duration-ms="771" status="PASS">
          <reporter-output>
          </reporter-output>
        </test-method> <!-- logInToApplication -->
        <test-method signature="verifyTimeTrackTab()[pri:0, instance:testPack.VerifyHeaderTabs@6da21078]" started-at="2022-03-20T18:40:40 IST" name="verifyTimeTrackTab" finished-at="2022-03-20T18:40:41 IST" duration-ms="741" status="PASS">
          <reporter-output>
          </reporter-output>
        </test-method> <!-- verifyTimeTrackTab -->
        <test-method is-config="true" signature="logout()[pri:0, instance:testPack.VerifyHeaderTabs@6da21078]" started-at="2022-03-20T18:40:41 IST" name="logout" finished-at="2022-03-20T18:40:41 IST" duration-ms="555" status="PASS">
          <reporter-output>
          </reporter-output>
        </test-method> <!-- logout -->
        <test-method is-config="true" signature="closeBrowser()[pri:0, instance:testPack.VerifyHeaderTabs@6da21078]" started-at="2022-03-20T18:40:41 IST" name="closeBrowser" finished-at="2022-03-20T18:40:42 IST" duration-ms="410" status="PASS">
          <reporter-output>
          </reporter-output>
        </test-method> <!-- closeBrowser -->
        <test-method is-config="true" signature="clearObjOFPom()[pri:0, instance:testPack.VerifyHeaderTabs@6da21078]" started-at="2022-03-20T18:40:41 IST" name="clearObjOFPom" finished-at="2022-03-20T18:40:41 IST" duration-ms="0" status="PASS">
          <reporter-output>
          </reporter-output>
        </test-method> <!-- clearObjOFPom -->
      </class> <!-- testPack.VerifyHeaderTabs -->
      <class name="testPack.VerifyUserCreated">
        <test-method is-config="true" signature="launchBrowser(java.lang.String)[pri:0, instance:testPack.VerifyUserCreated@7205765b]" started-at="2022-03-20T18:40:28 IST" name="launchBrowser" finished-at="2022-03-20T18:40:30 IST" duration-ms="1262" status="PASS">
          <params>
            <param index="0">
              <value>
                <![CDATA[chrome]]>
              </value>
            </param>
          </params>
          <reporter-output>
          </reporter-output>
        </test-method> <!-- launchBrowser -->
        <test-method is-config="true" signature="createObjectOfPOM()[pri:0, instance:testPack.VerifyUserCreated@7205765b]" started-at="2022-03-20T18:40:30 IST" name="createObjectOfPOM" finished-at="2022-03-20T18:40:30 IST" duration-ms="100" status="PASS">
          <reporter-output>
          </reporter-output>
        </test-method> <!-- createObjectOfPOM -->
        <test-method is-config="true" signature="logInToApplication()[pri:0, instance:testPack.VerifyUserCreated@7205765b]" started-at="2022-03-20T18:40:30 IST" name="logInToApplication" finished-at="2022-03-20T18:40:37 IST" duration-ms="7518" status="PASS">
          <reporter-output>
          </reporter-output>
        </test-method> <!-- logInToApplication -->
        <test-method signature="custemerName()[pri:0, instance:testPack.VerifyUserCreated@7205765b]" started-at="2022-03-20T18:40:37 IST" name="custemerName" finished-at="2022-03-20T18:40:37 IST" duration-ms="284" status="PASS">
          <reporter-output>
          </reporter-output>
        </test-method> <!-- custemerName -->
        <test-method is-config="true" signature="logout()[pri:0, instance:testPack.VerifyUserCreated@7205765b]" started-at="2022-03-20T18:40:37 IST" name="logout" finished-at="2022-03-20T18:40:38 IST" duration-ms="403" status="PASS">
          <reporter-output>
          </reporter-output>
        </test-method> <!-- logout -->
        <test-method is-config="true" signature="clearObjOFPom()[pri:0, instance:testPack.VerifyUserCreated@7205765b]" started-at="2022-03-20T18:40:38 IST" name="clearObjOFPom" finished-at="2022-03-20T18:40:38 IST" duration-ms="0" status="PASS">
          <reporter-output>
          </reporter-output>
        </test-method> <!-- clearObjOFPom -->
        <test-method is-config="true" signature="closeBrowser()[pri:0, instance:testPack.VerifyUserCreated@7205765b]" started-at="2022-03-20T18:40:42 IST" name="closeBrowser" finished-at="2022-03-20T18:40:43 IST" duration-ms="1253" status="PASS">
          <reporter-output>
          </reporter-output>
        </test-method> <!-- closeBrowser -->
      </class> <!-- testPack.VerifyUserCreated -->
    </test> <!-- chromeTest -->
    <test started-at="2022-03-20T18:40:43 IST" name="FirefoxTest" finished-at="2022-03-20T18:41:11 IST" duration-ms="27607">
      <class name="testPack.VerifyHeaderTabs">
        <test-method is-config="true" signature="launchBrowser(java.lang.String)[pri:0, instance:testPack.VerifyHeaderTabs@32502377]" started-at="2022-03-20T18:40:43 IST" name="launchBrowser" finished-at="2022-03-20T18:40:48 IST" duration-ms="5439" status="PASS">
          <params>
            <param index="0">
              <value>
                <![CDATA[firefox]]>
              </value>
            </param>
          </params>
          <reporter-output>
          </reporter-output>
        </test-method> <!-- launchBrowser -->
        <test-method is-config="true" signature="createObjectOfPOM()[pri:0, instance:testPack.VerifyHeaderTabs@32502377]" started-at="2022-03-20T18:40:53 IST" name="createObjectOfPOM" finished-at="2022-03-20T18:40:53 IST" duration-ms="3" status="PASS">
          <reporter-output>
          </reporter-output>
        </test-method> <!-- createObjectOfPOM -->
        <test-method is-config="true" signature="logInToApplication()[pri:0, instance:testPack.VerifyHeaderTabs@32502377]" started-at="2022-03-20T18:40:53 IST" name="logInToApplication" finished-at="2022-03-20T18:40:57 IST" duration-ms="3494" status="PASS">
          <reporter-output>
          </reporter-output>
        </test-method> <!-- logInToApplication -->
        <test-method signature="verifyTaskTab()[pri:0, instance:testPack.VerifyHeaderTabs@32502377]" started-at="2022-03-20T18:40:57 IST" name="verifyTaskTab" finished-at="2022-03-20T18:41:01 IST" duration-ms="4217" status="PASS">
          <reporter-output>
          </reporter-output>
        </test-method> <!-- verifyTaskTab -->
        <test-method is-config="true" signature="logout()[pri:0, instance:testPack.VerifyHeaderTabs@32502377]" started-at="2022-03-20T18:41:01 IST" name="logout" finished-at="2022-03-20T18:41:02 IST" duration-ms="792" status="PASS">
          <reporter-output>
          </reporter-output>
        </test-method> <!-- logout -->
        <test-method is-config="true" signature="logInToApplication()[pri:0, instance:testPack.VerifyHeaderTabs@32502377]" started-at="2022-03-20T18:41:02 IST" name="logInToApplication" finished-at="2022-03-20T18:41:04 IST" duration-ms="1839" status="PASS">
          <reporter-output>
          </reporter-output>
        </test-method> <!-- logInToApplication -->
        <test-method signature="verifyTimeTrackTab()[pri:0, instance:testPack.VerifyHeaderTabs@32502377]" started-at="2022-03-20T18:41:04 IST" name="verifyTimeTrackTab" finished-at="2022-03-20T18:41:06 IST" duration-ms="2621" status="PASS">
          <reporter-output>
          </reporter-output>
        </test-method> <!-- verifyTimeTrackTab -->
        <test-method is-config="true" signature="logout()[pri:0, instance:testPack.VerifyHeaderTabs@32502377]" started-at="2022-03-20T18:41:06 IST" name="logout" finished-at="2022-03-20T18:41:07 IST" duration-ms="644" status="PASS">
          <reporter-output>
          </reporter-output>
        </test-method> <!-- logout -->
        <test-method is-config="true" signature="clearObjOFPom()[pri:0, instance:testPack.VerifyHeaderTabs@32502377]" started-at="2022-03-20T18:41:07 IST" name="clearObjOFPom" finished-at="2022-03-20T18:41:07 IST" duration-ms="1" status="PASS">
          <reporter-output>
          </reporter-output>
        </test-method> <!-- clearObjOFPom -->
        <test-method is-config="true" signature="closeBrowser()[pri:0, instance:testPack.VerifyHeaderTabs@32502377]" started-at="2022-03-20T18:41:07 IST" name="closeBrowser" finished-at="2022-03-20T18:41:09 IST" duration-ms="1708" status="PASS">
          <reporter-output>
          </reporter-output>
        </test-method> <!-- closeBrowser -->
      </class> <!-- testPack.VerifyHeaderTabs -->
      <class name="testPack.VerifyUserCreated">
        <test-method is-config="true" signature="launchBrowser(java.lang.String)[pri:0, instance:testPack.VerifyUserCreated@2c1b194a]" started-at="2022-03-20T18:40:48 IST" name="launchBrowser" finished-at="2022-03-20T18:40:53 IST" duration-ms="4984" status="PASS">
          <params>
            <param index="0">
              <value>
                <![CDATA[firefox]]>
              </value>
            </param>
          </params>
          <reporter-output>
          </reporter-output>
        </test-method> <!-- launchBrowser -->
        <test-method is-config="true" signature="createObjectOfPOM()[pri:0, instance:testPack.VerifyUserCreated@2c1b194a]" started-at="2022-03-20T18:40:53 IST" name="createObjectOfPOM" finished-at="2022-03-20T18:40:53 IST" duration-ms="9" status="PASS">
          <reporter-output>
          </reporter-output>
        </test-method> <!-- createObjectOfPOM -->
        <test-method is-config="true" signature="logInToApplication()[pri:0, instance:testPack.VerifyUserCreated@2c1b194a]" started-at="2022-03-20T18:40:53 IST" name="logInToApplication" finished-at="2022-03-20T18:40:58 IST" duration-ms="4757" status="PASS">
          <reporter-output>
          </reporter-output>
        </test-method> <!-- logInToApplication -->
        <test-method signature="custemerName()[pri:0, instance:testPack.VerifyUserCreated@2c1b194a]" started-at="2022-03-20T18:40:58 IST" name="custemerName" finished-at="2022-03-20T18:40:59 IST" duration-ms="445" status="PASS">
          <reporter-output>
          </reporter-output>
        </test-method> <!-- custemerName -->
        <test-method is-config="true" signature="logout()[pri:0, instance:testPack.VerifyUserCreated@2c1b194a]" started-at="2022-03-20T18:40:59 IST" name="logout" finished-at="2022-03-20T18:40:59 IST" duration-ms="551" status="PASS">
          <reporter-output>
          </reporter-output>
        </test-method> <!-- logout -->
        <test-method is-config="true" signature="clearObjOFPom()[pri:0, instance:testPack.VerifyUserCreated@2c1b194a]" started-at="2022-03-20T18:40:59 IST" name="clearObjOFPom" finished-at="2022-03-20T18:40:59 IST" duration-ms="1" status="PASS">
          <reporter-output>
          </reporter-output>
        </test-method> <!-- clearObjOFPom -->
        <test-method is-config="true" signature="closeBrowser()[pri:0, instance:testPack.VerifyUserCreated@2c1b194a]" started-at="2022-03-20T18:41:09 IST" name="closeBrowser" finished-at="2022-03-20T18:41:11 IST" duration-ms="1853" status="PASS">
          <reporter-output>
          </reporter-output>
        </test-method> <!-- closeBrowser -->
      </class> <!-- testPack.VerifyUserCreated -->
    </test> <!-- FirefoxTest -->
  </suite> <!-- Suite -->
</testng-results>
